INFO:root:Device 'raspberrypi-dennis' starting experiment 'BaseExperiment' with timestamp '2016-09-20 08-11-14', running 100 times
INFO:root:Run configurations: {'setup_authsetup': 'always', 'encrypt_decrypt': 'always', 'register_keygen': 'always'}
INFO:root:Measure interval: 0.05
INFO:root:Authority descriptions: [{'name': 'AUTHORITY1', 'attributes': ['ONE@AUTHORITY1', 'TWO@AUTHORITY1', 'THREE@AUTHORITY1', 'FOUR@AUTHORITY1', 'FIVE@AUTHORITY1', 'SIX@AUTHORITY1', 'SEVEN@AUTHORITY1', 'EIGHT@AUTHORITY1', 'NINE@AUTHORITY1', 'TEN@AUTHORITY1']}, {'name': 'AUTHORITY2', 'attributes': ['ONE@AUTHORITY2', 'TWO@AUTHORITY2', 'THREE@AUTHORITY2', 'FOUR@AUTHORITY2', 'FIVE@AUTHORITY2', 'SIX@AUTHORITY2', 'SEVEN@AUTHORITY2', 'EIGHT@AUTHORITY2', 'NINE@AUTHORITY2', 'TEN@AUTHORITY2']}]
INFO:root:User descriptions: [{'attributes': {'AUTHORITY1': ['ONE@AUTHORITY1', 'TWO@AUTHORITY1', 'THREE@AUTHORITY1', 'FOUR@AUTHORITY1'], 'AUTHORITY2': ['SEVEN@AUTHORITY2', 'EIGHT@AUTHORITY2', 'NINE@AUTHORITY2', 'TEN@AUTHORITY2']}, 'gid': 'USER1'}, {'attributes': {'AUTHORITY1': ['ONE@AUTHORITY1', 'TWO@AUTHORITY1', 'THREE@AUTHORITY1', 'FOUR@AUTHORITY1', 'FIVE@AUTHORITY1', 'SIX@AUTHORITY1', 'SEVEN@AUTHORITY1', 'EIGHT@AUTHORITY1', 'NINE@AUTHORITY1', 'TEN@AUTHORITY1'], 'AUTHORITY2': ['ONE@AUTHORITY2', 'TWO@AUTHORITY2', 'THREE@AUTHORITY2', 'FOUR@AUTHORITY2', 'FIVE@AUTHORITY2', 'SIX@AUTHORITY2', 'SEVEN@AUTHORITY2', 'EIGHT@AUTHORITY2', 'NINE@AUTHORITY2', 'TEN@AUTHORITY2']}, 'gid': 'USER2'}]
INFO:root:File size: 10485760
INFO:root:Read policy: (ONE@AUTHORITY1 AND SEVEN@AUTHORITY2) OR (TWO@AUTHORITY1 AND EIGHT@AUTHORITY2) OR (THREE@AUTHORITY1 AND NINE@AUTHORITY2)
INFO:root:Write policy: (ONE@AUTHORITY1 AND SEVEN@AUTHORITY2) OR (TWO@AUTHORITY1 AND EIGHT@AUTHORITY2) OR (THREE@AUTHORITY1 AND NINE@AUTHORITY2)
INFO:root:Cases: [ExperimentCase[name=base, arguments=None]]
INFO:root:Measurements: [<MeasurementType.timings: 1>, <MeasurementType.memory: 3>]
INFO:root:Global setup finished
INFO:root:=> Run 1/100 of BaseExperiment, implementation=DAC-MACS (1/4)
INFO:root:=> Run 1/100 of BaseExperiment, implementation=RD-DABE (2/4)
INFO:root:=> Run 1/100 of BaseExperiment, implementation=RW-ABE (3/4)
INFO:root:=> Run 1/100 of BaseExperiment, implementation=TAAC (4/4)
INFO:root:=> Run 2/100 of BaseExperiment, implementation=DAC-MACS (1/4)
INFO:root:=> Run 2/100 of BaseExperiment, implementation=RD-DABE (2/4)
INFO:root:=> Run 2/100 of BaseExperiment, implementation=RW-ABE (3/4)
INFO:root:=> Run 2/100 of BaseExperiment, implementation=TAAC (4/4)
INFO:root:=> Run 3/100 of BaseExperiment, implementation=DAC-MACS (1/4)
INFO:root:=> Run 3/100 of BaseExperiment, implementation=RD-DABE (2/4)
INFO:root:=> Run 3/100 of BaseExperiment, implementation=RW-ABE (3/4)
INFO:root:=> Run 3/100 of BaseExperiment, implementation=TAAC (4/4)
INFO:root:=> Run 4/100 of BaseExperiment, implementation=DAC-MACS (1/4)
INFO:root:=> Run 4/100 of BaseExperiment, implementation=RD-DABE (2/4)
INFO:root:=> Run 4/100 of BaseExperiment, implementation=RW-ABE (3/4)
INFO:root:=> Run 4/100 of BaseExperiment, implementation=TAAC (4/4)
INFO:root:=> Run 5/100 of BaseExperiment, implementation=DAC-MACS (1/4)
INFO:root:=> Run 5/100 of BaseExperiment, implementation=RD-DABE (2/4)
INFO:root:=> Run 5/100 of BaseExperiment, implementation=RW-ABE (3/4)
INFO:root:=> Run 5/100 of BaseExperiment, implementation=TAAC (4/4)
INFO:root:=> Run 6/100 of BaseExperiment, implementation=DAC-MACS (1/4)
INFO:root:=> Run 6/100 of BaseExperiment, implementation=RD-DABE (2/4)
INFO:root:=> Run 6/100 of BaseExperiment, implementation=RW-ABE (3/4)
INFO:root:=> Run 6/100 of BaseExperiment, implementation=TAAC (4/4)
INFO:root:=> Run 7/100 of BaseExperiment, implementation=DAC-MACS (1/4)
INFO:root:=> Run 7/100 of BaseExperiment, implementation=RD-DABE (2/4)
INFO:root:=> Run 7/100 of BaseExperiment, implementation=RW-ABE (3/4)
INFO:root:=> Run 7/100 of BaseExperiment, implementation=TAAC (4/4)
INFO:root:=> Run 8/100 of BaseExperiment, implementation=DAC-MACS (1/4)
INFO:root:=> Run 8/100 of BaseExperiment, implementation=RD-DABE (2/4)
INFO:root:=> Run 8/100 of BaseExperiment, implementation=RW-ABE (3/4)
INFO:root:=> Run 8/100 of BaseExperiment, implementation=TAAC (4/4)
INFO:root:=> Run 9/100 of BaseExperiment, implementation=DAC-MACS (1/4)
INFO:root:=> Run 9/100 of BaseExperiment, implementation=RD-DABE (2/4)
INFO:root:=> Run 9/100 of BaseExperiment, implementation=RW-ABE (3/4)
INFO:root:=> Run 9/100 of BaseExperiment, implementation=TAAC (4/4)
INFO:root:=> Run 10/100 of BaseExperiment, implementation=DAC-MACS (1/4)
INFO:root:=> Run 10/100 of BaseExperiment, implementation=RD-DABE (2/4)
INFO:root:=> Run 10/100 of BaseExperiment, implementation=RW-ABE (3/4)
INFO:root:=> Run 10/100 of BaseExperiment, implementation=TAAC (4/4)
INFO:root:=> Run 11/100 of BaseExperiment, implementation=DAC-MACS (1/4)
INFO:root:=> Run 11/100 of BaseExperiment, implementation=RD-DABE (2/4)
INFO:root:=> Run 11/100 of BaseExperiment, implementation=RW-ABE (3/4)
INFO:root:=> Run 11/100 of BaseExperiment, implementation=TAAC (4/4)
INFO:root:=> Run 12/100 of BaseExperiment, implementation=DAC-MACS (1/4)
INFO:root:=> Run 12/100 of BaseExperiment, implementation=RD-DABE (2/4)
INFO:root:=> Run 12/100 of BaseExperiment, implementation=RW-ABE (3/4)
INFO:root:=> Run 12/100 of BaseExperiment, implementation=TAAC (4/4)
INFO:root:=> Run 13/100 of BaseExperiment, implementation=DAC-MACS (1/4)
INFO:root:=> Run 13/100 of BaseExperiment, implementation=RD-DABE (2/4)
INFO:root:=> Run 13/100 of BaseExperiment, implementation=RW-ABE (3/4)
INFO:root:=> Run 13/100 of BaseExperiment, implementation=TAAC (4/4)
INFO:root:=> Run 14/100 of BaseExperiment, implementation=DAC-MACS (1/4)
INFO:root:=> Run 14/100 of BaseExperiment, implementation=RD-DABE (2/4)
INFO:root:=> Run 14/100 of BaseExperiment, implementation=RW-ABE (3/4)
INFO:root:=> Run 14/100 of BaseExperiment, implementation=TAAC (4/4)
INFO:root:=> Run 15/100 of BaseExperiment, implementation=DAC-MACS (1/4)
INFO:root:=> Run 15/100 of BaseExperiment, implementation=RD-DABE (2/4)
INFO:root:=> Run 15/100 of BaseExperiment, implementation=RW-ABE (3/4)
INFO:root:=> Run 15/100 of BaseExperiment, implementation=TAAC (4/4)
INFO:root:=> Run 16/100 of BaseExperiment, implementation=DAC-MACS (1/4)
INFO:root:=> Run 16/100 of BaseExperiment, implementation=RD-DABE (2/4)
INFO:root:=> Run 16/100 of BaseExperiment, implementation=RW-ABE (3/4)
INFO:root:=> Run 16/100 of BaseExperiment, implementation=TAAC (4/4)
INFO:root:=> Run 17/100 of BaseExperiment, implementation=DAC-MACS (1/4)
INFO:root:=> Run 17/100 of BaseExperiment, implementation=RD-DABE (2/4)
INFO:root:=> Run 17/100 of BaseExperiment, implementation=RW-ABE (3/4)
INFO:root:=> Run 17/100 of BaseExperiment, implementation=TAAC (4/4)
INFO:root:=> Run 18/100 of BaseExperiment, implementation=DAC-MACS (1/4)
INFO:root:=> Run 18/100 of BaseExperiment, implementation=RD-DABE (2/4)
INFO:root:=> Run 18/100 of BaseExperiment, implementation=RW-ABE (3/4)
INFO:root:=> Run 18/100 of BaseExperiment, implementation=TAAC (4/4)
INFO:root:=> Run 19/100 of BaseExperiment, implementation=DAC-MACS (1/4)
INFO:root:=> Run 19/100 of BaseExperiment, implementation=RD-DABE (2/4)
INFO:root:=> Run 19/100 of BaseExperiment, implementation=RW-ABE (3/4)
INFO:root:=> Run 19/100 of BaseExperiment, implementation=TAAC (4/4)
INFO:root:=> Run 20/100 of BaseExperiment, implementation=DAC-MACS (1/4)
INFO:root:=> Run 20/100 of BaseExperiment, implementation=RD-DABE (2/4)
INFO:root:=> Run 20/100 of BaseExperiment, implementation=RW-ABE (3/4)
INFO:root:=> Run 20/100 of BaseExperiment, implementation=TAAC (4/4)
INFO:root:=> Run 21/100 of BaseExperiment, implementation=DAC-MACS (1/4)
INFO:root:=> Run 21/100 of BaseExperiment, implementation=RD-DABE (2/4)
INFO:root:=> Run 21/100 of BaseExperiment, implementation=RW-ABE (3/4)
INFO:root:=> Run 21/100 of BaseExperiment, implementation=TAAC (4/4)
INFO:root:=> Run 22/100 of BaseExperiment, implementation=DAC-MACS (1/4)
INFO:root:=> Run 22/100 of BaseExperiment, implementation=RD-DABE (2/4)
INFO:root:=> Run 22/100 of BaseExperiment, implementation=RW-ABE (3/4)
INFO:root:=> Run 22/100 of BaseExperiment, implementation=TAAC (4/4)
INFO:root:=> Run 23/100 of BaseExperiment, implementation=DAC-MACS (1/4)
INFO:root:=> Run 23/100 of BaseExperiment, implementation=RD-DABE (2/4)
INFO:root:=> Run 23/100 of BaseExperiment, implementation=RW-ABE (3/4)
INFO:root:=> Run 23/100 of BaseExperiment, implementation=TAAC (4/4)
INFO:root:=> Run 24/100 of BaseExperiment, implementation=DAC-MACS (1/4)
INFO:root:=> Run 24/100 of BaseExperiment, implementation=RD-DABE (2/4)
INFO:root:=> Run 24/100 of BaseExperiment, implementation=RW-ABE (3/4)
INFO:root:=> Run 24/100 of BaseExperiment, implementation=TAAC (4/4)
INFO:root:=> Run 25/100 of BaseExperiment, implementation=DAC-MACS (1/4)
INFO:root:=> Run 25/100 of BaseExperiment, implementation=RD-DABE (2/4)
INFO:root:=> Run 25/100 of BaseExperiment, implementation=RW-ABE (3/4)
INFO:root:=> Run 25/100 of BaseExperiment, implementation=TAAC (4/4)
INFO:root:=> Run 26/100 of BaseExperiment, implementation=DAC-MACS (1/4)
INFO:root:=> Run 26/100 of BaseExperiment, implementation=RD-DABE (2/4)
INFO:root:=> Run 26/100 of BaseExperiment, implementation=RW-ABE (3/4)
INFO:root:=> Run 26/100 of BaseExperiment, implementation=TAAC (4/4)
INFO:root:=> Run 27/100 of BaseExperiment, implementation=DAC-MACS (1/4)
INFO:root:=> Run 27/100 of BaseExperiment, implementation=RD-DABE (2/4)
INFO:root:=> Run 27/100 of BaseExperiment, implementation=RW-ABE (3/4)
INFO:root:=> Run 27/100 of BaseExperiment, implementation=TAAC (4/4)
INFO:root:=> Run 28/100 of BaseExperiment, implementation=DAC-MACS (1/4)
INFO:root:=> Run 28/100 of BaseExperiment, implementation=RD-DABE (2/4)
INFO:root:=> Run 28/100 of BaseExperiment, implementation=RW-ABE (3/4)
INFO:root:=> Run 28/100 of BaseExperiment, implementation=TAAC (4/4)
INFO:root:=> Run 29/100 of BaseExperiment, implementation=DAC-MACS (1/4)
INFO:root:=> Run 29/100 of BaseExperiment, implementation=RD-DABE (2/4)
INFO:root:=> Run 29/100 of BaseExperiment, implementation=RW-ABE (3/4)
INFO:root:=> Run 29/100 of BaseExperiment, implementation=TAAC (4/4)
INFO:root:=> Run 30/100 of BaseExperiment, implementation=DAC-MACS (1/4)
INFO:root:=> Run 30/100 of BaseExperiment, implementation=RD-DABE (2/4)
INFO:root:=> Run 30/100 of BaseExperiment, implementation=RW-ABE (3/4)
INFO:root:=> Run 30/100 of BaseExperiment, implementation=TAAC (4/4)
INFO:root:=> Run 31/100 of BaseExperiment, implementation=DAC-MACS (1/4)
INFO:root:=> Run 31/100 of BaseExperiment, implementation=RD-DABE (2/4)
INFO:root:=> Run 31/100 of BaseExperiment, implementation=RW-ABE (3/4)
INFO:root:=> Run 31/100 of BaseExperiment, implementation=TAAC (4/4)
INFO:root:=> Run 32/100 of BaseExperiment, implementation=DAC-MACS (1/4)
INFO:root:=> Run 32/100 of BaseExperiment, implementation=RD-DABE (2/4)
INFO:root:=> Run 32/100 of BaseExperiment, implementation=RW-ABE (3/4)
INFO:root:=> Run 32/100 of BaseExperiment, implementation=TAAC (4/4)
INFO:root:=> Run 33/100 of BaseExperiment, implementation=DAC-MACS (1/4)
INFO:root:=> Run 33/100 of BaseExperiment, implementation=RD-DABE (2/4)
INFO:root:=> Run 33/100 of BaseExperiment, implementation=RW-ABE (3/4)
INFO:root:=> Run 33/100 of BaseExperiment, implementation=TAAC (4/4)
INFO:root:=> Run 34/100 of BaseExperiment, implementation=DAC-MACS (1/4)
INFO:root:=> Run 34/100 of BaseExperiment, implementation=RD-DABE (2/4)
INFO:root:=> Run 34/100 of BaseExperiment, implementation=RW-ABE (3/4)
INFO:root:=> Run 34/100 of BaseExperiment, implementation=TAAC (4/4)
INFO:root:=> Run 35/100 of BaseExperiment, implementation=DAC-MACS (1/4)
INFO:root:=> Run 35/100 of BaseExperiment, implementation=RD-DABE (2/4)
INFO:root:=> Run 35/100 of BaseExperiment, implementation=RW-ABE (3/4)
INFO:root:=> Run 35/100 of BaseExperiment, implementation=TAAC (4/4)
INFO:root:=> Run 36/100 of BaseExperiment, implementation=DAC-MACS (1/4)
INFO:root:=> Run 36/100 of BaseExperiment, implementation=RD-DABE (2/4)
INFO:root:=> Run 36/100 of BaseExperiment, implementation=RW-ABE (3/4)
INFO:root:=> Run 36/100 of BaseExperiment, implementation=TAAC (4/4)
INFO:root:=> Run 37/100 of BaseExperiment, implementation=DAC-MACS (1/4)
INFO:root:=> Run 37/100 of BaseExperiment, implementation=RD-DABE (2/4)
INFO:root:=> Run 37/100 of BaseExperiment, implementation=RW-ABE (3/4)
INFO:root:=> Run 37/100 of BaseExperiment, implementation=TAAC (4/4)
INFO:root:=> Run 38/100 of BaseExperiment, implementation=DAC-MACS (1/4)
INFO:root:=> Run 38/100 of BaseExperiment, implementation=RD-DABE (2/4)
INFO:root:=> Run 38/100 of BaseExperiment, implementation=RW-ABE (3/4)
INFO:root:=> Run 38/100 of BaseExperiment, implementation=TAAC (4/4)
INFO:root:=> Run 39/100 of BaseExperiment, implementation=DAC-MACS (1/4)
INFO:root:=> Run 39/100 of BaseExperiment, implementation=RD-DABE (2/4)
INFO:root:=> Run 39/100 of BaseExperiment, implementation=RW-ABE (3/4)
INFO:root:=> Run 39/100 of BaseExperiment, implementation=TAAC (4/4)
